[0.349s] Invoking command in '/home/lohitoburrito/uav_app/build/px4_ros_com': CMAKE_PREFIX_PATH=/home/lohitoburrito/uav_app/install/px4_msgs:/home/lohitoburrito/libtorch:/home/lohitoburrito/uav_app/install/px4_ros_com:/home/lohitoburrito/uav_recon/uav_app/install/px4_ros_com:/home/lohitoburrito/uav_recon/uav_app/install/px4_msgs:/opt/ros/humble LD_LIBRARY_PATH=/home/lohitoburrito/uav_app/install/px4_msgs/lib:/home/lohitoburrito/libtorch/lib:/home/lohitoburrito/uav_app/install/px4_ros_com/lib:/home/lohitoburrito/libtorch/lib:/home/lohitoburrito/uav_recon/uav_app/install/px4_ros_com/lib:/home/lohitoburrito/uav_recon/uav_app/install/px4_msgs/lib:/home/lohitoburrito/libtorch/lib:/usr/lib/x86_64-linux-gnu/gazebo-11/plugins:/opt/ros/humble/opt/rviz_ogre_vendor/lib:/opt/ros/humble/lib/x86_64-linux-gnu:/opt/ros/humble/lib /usr/bin/cmake /home/lohitoburrito/uav_app/src/px4_ros_com -DCMAKE_INSTALL_PREFIX=/home/lohitoburrito/uav_app/install/px4_ros_com
[0.597s] -- The C compiler identification is GNU 11.4.0
[1.454s] -- The CXX compiler identification is GNU 11.4.0
[1.984s] -- Detecting C compiler ABI info
[2.288s] -- Detecting C compiler ABI info - done
[2.343s] -- Check for working C compiler: /usr/bin/cc - skipped
[2.344s] -- Detecting C compile features
[2.344s] -- Detecting C compile features - done
[2.349s] -- Detecting CXX compiler ABI info
[2.618s] -- Detecting CXX compiler ABI info - done
[2.628s] -- Check for working CXX compiler: /usr/bin/c++ - skipped
[2.628s] -- Detecting CXX compile features
[2.629s] -- Detecting CXX compile features - done
[2.632s] -- Found ament_cmake: 1.3.11 (/opt/ros/humble/share/ament_cmake/cmake)
[3.135s] -- Found Python3: /usr/bin/python3 (found version "3.10.12") found components: Interpreter 
[3.279s] -- Found builtin_interfaces: 1.2.1 (/opt/ros/humble/share/builtin_interfaces/cmake)
[3.505s] -- Found rosidl_generator_c: 3.1.6 (/opt/ros/humble/share/rosidl_generator_c/cmake)
[3.513s] -- Found rosidl_adapter: 3.1.6 (/opt/ros/humble/share/rosidl_adapter/cmake)
[3.528s] -- Found rosidl_generator_cpp: 3.1.6 (/opt/ros/humble/share/rosidl_generator_cpp/cmake)
[3.544s] -- Using all available rosidl_typesupport_c: rosidl_typesupport_fastrtps_c;rosidl_typesupport_introspection_c
[3.568s] -- Using all available rosidl_typesupport_cpp: rosidl_typesupport_fastrtps_cpp;rosidl_typesupport_introspection_cpp
[3.587s] -- Found eigen3_cmake_module: 0.1.1 (/opt/ros/humble/share/eigen3_cmake_module/cmake)
[3.594s] -- Found Eigen3: TRUE (found version "3.4.0") 
[3.596s] -- Found geometry_msgs: 4.2.4 (/opt/ros/humble/share/geometry_msgs/cmake)
[3.634s] -- Found px4_msgs: 2.0.1 (/home/lohitoburrito/uav_app/install/px4_msgs/share/px4_msgs/cmake)
[3.651s] -- Found rclcpp: 16.0.11 (/opt/ros/humble/share/rclcpp/cmake)
[3.705s] -- Found rmw_implementation_cmake: 6.1.2 (/opt/ros/humble/share/rmw_implementation_cmake/cmake)
[3.709s] -- Found rmw_fastrtps_cpp: 6.2.7 (/opt/ros/humble/share/rmw_fastrtps_cpp/cmake)
[5.472s] -- Found OpenSSL: /usr/lib/x86_64-linux-gnu/libcrypto.so (found version "3.0.2")  
[7.577s] -- Found FastRTPS: /opt/ros/humble/include  
[11.560s] -- Using RMW implementation 'rmw_fastrtps_cpp' as default
[11.572s] -- Looking for pthread.h
[11.764s] -- Looking for pthread.h - found
[11.764s] -- Performing Test CMAKE_HAVE_LIBC_PTHREAD
[12.036s] -- Performing Test CMAKE_HAVE_LIBC_PTHREAD - Success
[12.038s] -- Found Threads: TRUE  
[12.095s] -- Found sensor_msgs: 4.2.4 (/opt/ros/humble/share/sensor_msgs/cmake)
[12.120s] -- Found rclpy: 3.3.15 (/opt/ros/humble/share/rclpy/cmake)
[12.130s] -- Found OpenCV: /usr (found version "4.5.4") 
[12.132s] -- Found cv_bridge: 3.2.1 (/opt/ros/humble/share/cv_bridge/cmake)
[12.149s] -- Found ament_lint_auto: 0.12.11 (/opt/ros/humble/share/ament_lint_auto/cmake)
[12.283s] -- Added test 'copyright' to check source files copyright and LICENSE
[12.307s] -- Added test 'cppcheck' to perform static code analysis on C / C++ code
[12.308s] -- Configured cppcheck include dirs: /home/lohitoburrito/uav_app/src/px4_ros_com/include;$<BUILD_INTERFACE:/home/lohitoburrito/uav_app/src/px4_ros_com/include/px4_ros_com>
[12.308s] -- Configured cppcheck exclude dirs and/or files: 
[12.328s] -- Added test 'cpplint' to check C / C++ code against the Google style
[12.328s] -- Configured cpplint exclude dirs and/or files: 
[12.331s] -- Added test 'flake8' to check Python code syntax and style conventions
[12.336s] -- Added test 'lint_cmake' to check CMake code style
[12.340s] -- Added test 'pep257' to check Python code against some of the docstring style conventions in PEP 257
[12.359s] -- Added test 'uncrustify' to check C / C++ code style
[12.359s] -- Configured uncrustify additional arguments: 
[12.363s] -- Added test 'xmllint' to check XML markup files
[12.365s] -- Configuring done
[12.419s] -- Generating done
[12.438s] -- Build files have been written to: /home/lohitoburrito/uav_app/build/px4_ros_com
[12.454s] Invoked command in '/home/lohitoburrito/uav_app/build/px4_ros_com' returned '0': CMAKE_PREFIX_PATH=/home/lohitoburrito/uav_app/install/px4_msgs:/home/lohitoburrito/libtorch:/home/lohitoburrito/uav_app/install/px4_ros_com:/home/lohitoburrito/uav_recon/uav_app/install/px4_ros_com:/home/lohitoburrito/uav_recon/uav_app/install/px4_msgs:/opt/ros/humble LD_LIBRARY_PATH=/home/lohitoburrito/uav_app/install/px4_msgs/lib:/home/lohitoburrito/libtorch/lib:/home/lohitoburrito/uav_app/install/px4_ros_com/lib:/home/lohitoburrito/libtorch/lib:/home/lohitoburrito/uav_recon/uav_app/install/px4_ros_com/lib:/home/lohitoburrito/uav_recon/uav_app/install/px4_msgs/lib:/home/lohitoburrito/libtorch/lib:/usr/lib/x86_64-linux-gnu/gazebo-11/plugins:/opt/ros/humble/opt/rviz_ogre_vendor/lib:/opt/ros/humble/lib/x86_64-linux-gnu:/opt/ros/humble/lib /usr/bin/cmake /home/lohitoburrito/uav_app/src/px4_ros_com -DCMAKE_INSTALL_PREFIX=/home/lohitoburrito/uav_app/install/px4_ros_com
[12.455s] Invoking command in '/home/lohitoburrito/uav_app/build/px4_ros_com': CMAKE_PREFIX_PATH=/home/lohitoburrito/uav_app/install/px4_msgs:/home/lohitoburrito/libtorch:/home/lohitoburrito/uav_app/install/px4_ros_com:/home/lohitoburrito/uav_recon/uav_app/install/px4_ros_com:/home/lohitoburrito/uav_recon/uav_app/install/px4_msgs:/opt/ros/humble LD_LIBRARY_PATH=/home/lohitoburrito/uav_app/install/px4_msgs/lib:/home/lohitoburrito/libtorch/lib:/home/lohitoburrito/uav_app/install/px4_ros_com/lib:/home/lohitoburrito/libtorch/lib:/home/lohitoburrito/uav_recon/uav_app/install/px4_ros_com/lib:/home/lohitoburrito/uav_recon/uav_app/install/px4_msgs/lib:/home/lohitoburrito/libtorch/lib:/usr/lib/x86_64-linux-gnu/gazebo-11/plugins:/opt/ros/humble/opt/rviz_ogre_vendor/lib:/opt/ros/humble/lib/x86_64-linux-gnu:/opt/ros/humble/lib /usr/bin/cmake --build /home/lohitoburrito/uav_app/build/px4_ros_com -- -j8 -l8
[12.519s] [ 14%] [32mBuilding CXX object CMakeFiles/sensor_combined_listener.dir/src/examples/listeners/sensor_combined_listener.cpp.o[0m
[12.519s] [ 14%] [32mBuilding CXX object CMakeFiles/debug_vect_advertiser.dir/src/examples/advertisers/debug_vect_advertiser.cpp.o[0m
[12.530s] [ 21%] [32mBuilding CXX object CMakeFiles/vehicle_gps_position_listener.dir/src/examples/listeners/vehicle_gps_position_listener.cpp.o[0m
[12.530s] [ 28%] [32mBuilding CXX object CMakeFiles/offboard_control_srv.dir/src/examples/offboard/offboard_control_srv.cpp.o[0m
[12.530s] [ 35%] [32mBuilding CXX object CMakeFiles/frame_transforms.dir/src/lib/frame_transforms.cpp.o[0m
[12.530s] [ 42%] [32mBuilding CXX object CMakeFiles/reconnaissance.dir/src/app/reconnaissance/reconnaissance.cpp.o[0m
[12.531s] [ 50%] [32mBuilding CXX object CMakeFiles/offboard_control.dir/src/examples/offboard/offboard_control.cpp.o[0m
[12.538s] [ 50%] Built target ament_cmake_python_copy_px4_ros_com
[13.475s] running egg_info
[13.584s] creating px4_ros_com.egg-info
[13.587s] writing px4_ros_com.egg-info/PKG-INFO
[13.592s] writing dependency_links to px4_ros_com.egg-info/dependency_links.txt
[13.596s] writing top-level names to px4_ros_com.egg-info/top_level.txt
[13.599s] writing manifest file 'px4_ros_com.egg-info/SOURCES.txt'
[13.971s] reading manifest file 'px4_ros_com.egg-info/SOURCES.txt'
[13.978s] writing manifest file 'px4_ros_com.egg-info/SOURCES.txt'
[14.110s] [ 50%] Built target ament_cmake_python_build_px4_ros_com_egg
[38.666s] [01m[K/home/lohitoburrito/uav_app/src/px4_ros_com/src/app/reconnaissance/reconnaissance.cpp:[m[K In member function ‘[01m[Kvoid UAVCommand::read_vehicle_attitude(px4_msgs::msg::VehicleAttitude_<std::allocator<void> >::UniquePtr)[m[K’:
[38.667s] [01m[K/home/lohitoburrito/uav_app/src/px4_ros_com/src/app/reconnaissance/reconnaissance.cpp:156:73:[m[K [01;35m[Kwarning: [m[Kunused parameter ‘[01m[Kmsg[m[K’ [[01;35m[K]8;;https://gcc.gnu.org/onlinedocs/gcc/Warning-Options.html#index-Wunused-parameter-Wunused-parameter]8;;[m[K]
[38.667s]   156 | void UAVCommand::read_vehicle_attitude([01;35m[Kconst VehicleAttitude::UniquePtr msg[m[K) {
[38.667s]       |                                        [01;35m[K~~~~~~~~~~~~~~~~~~~~~~~~~~~~~~~~~^~~[m[K
[44.238s] [ 57%] [32m[1mLinking CXX executable debug_vect_advertiser[0m
[45.858s] [ 57%] Built target debug_vect_advertiser
[47.270s] [ 64%] [32m[1mLinking CXX executable offboard_control[0m
[48.553s] [ 64%] Built target offboard_control
[50.278s] [ 71%] [32m[1mLinking CXX executable offboard_control_srv[0m
[51.317s] [ 71%] Built target offboard_control_srv
[53.687s] [ 78%] [32m[1mLinking CXX shared library libframe_transforms.so[0m
[54.649s] [ 78%] Built target frame_transforms
[57.454s] [ 85%] [32m[1mLinking CXX executable vehicle_gps_position_listener[0m
[57.737s] [ 92%] [32m[1mLinking CXX executable sensor_combined_listener[0m
[58.766s] [ 92%] Built target vehicle_gps_position_listener
[59.014s] [ 92%] Built target sensor_combined_listener
[69.022s] [100%] [32m[1mLinking CXX executable reconnaissance[0m
[70.798s] [100%] Built target reconnaissance
[70.814s] Invoked command in '/home/lohitoburrito/uav_app/build/px4_ros_com' returned '0': CMAKE_PREFIX_PATH=/home/lohitoburrito/uav_app/install/px4_msgs:/home/lohitoburrito/libtorch:/home/lohitoburrito/uav_app/install/px4_ros_com:/home/lohitoburrito/uav_recon/uav_app/install/px4_ros_com:/home/lohitoburrito/uav_recon/uav_app/install/px4_msgs:/opt/ros/humble LD_LIBRARY_PATH=/home/lohitoburrito/uav_app/install/px4_msgs/lib:/home/lohitoburrito/libtorch/lib:/home/lohitoburrito/uav_app/install/px4_ros_com/lib:/home/lohitoburrito/libtorch/lib:/home/lohitoburrito/uav_recon/uav_app/install/px4_ros_com/lib:/home/lohitoburrito/uav_recon/uav_app/install/px4_msgs/lib:/home/lohitoburrito/libtorch/lib:/usr/lib/x86_64-linux-gnu/gazebo-11/plugins:/opt/ros/humble/opt/rviz_ogre_vendor/lib:/opt/ros/humble/lib/x86_64-linux-gnu:/opt/ros/humble/lib /usr/bin/cmake --build /home/lohitoburrito/uav_app/build/px4_ros_com -- -j8 -l8
[70.818s] Invoking command in '/home/lohitoburrito/uav_app/build/px4_ros_com': CMAKE_PREFIX_PATH=/home/lohitoburrito/uav_app/install/px4_msgs:/home/lohitoburrito/libtorch:/home/lohitoburrito/uav_app/install/px4_ros_com:/home/lohitoburrito/uav_recon/uav_app/install/px4_ros_com:/home/lohitoburrito/uav_recon/uav_app/install/px4_msgs:/opt/ros/humble LD_LIBRARY_PATH=/home/lohitoburrito/uav_app/install/px4_msgs/lib:/home/lohitoburrito/libtorch/lib:/home/lohitoburrito/uav_app/install/px4_ros_com/lib:/home/lohitoburrito/libtorch/lib:/home/lohitoburrito/uav_recon/uav_app/install/px4_ros_com/lib:/home/lohitoburrito/uav_recon/uav_app/install/px4_msgs/lib:/home/lohitoburrito/libtorch/lib:/usr/lib/x86_64-linux-gnu/gazebo-11/plugins:/opt/ros/humble/opt/rviz_ogre_vendor/lib:/opt/ros/humble/lib/x86_64-linux-gnu:/opt/ros/humble/lib /usr/bin/cmake --install /home/lohitoburrito/uav_app/build/px4_ros_com
[70.826s] -- Install configuration: ""
[70.827s] -- Installing: /home/lohitoburrito/uav_app/install/px4_ros_com/lib/px4_ros_com/sensor_combined_listener
[70.832s] -- Set runtime path of "/home/lohitoburrito/uav_app/install/px4_ros_com/lib/px4_ros_com/sensor_combined_listener" to ""
[70.832s] -- Installing: /home/lohitoburrito/uav_app/install/px4_ros_com/lib/px4_ros_com/vehicle_gps_position_listener
[70.836s] -- Set runtime path of "/home/lohitoburrito/uav_app/install/px4_ros_com/lib/px4_ros_com/vehicle_gps_position_listener" to ""
[70.837s] -- Installing: /home/lohitoburrito/uav_app/install/px4_ros_com/lib/px4_ros_com/debug_vect_advertiser
[70.838s] -- Set runtime path of "/home/lohitoburrito/uav_app/install/px4_ros_com/lib/px4_ros_com/debug_vect_advertiser" to ""
[70.838s] -- Installing: /home/lohitoburrito/uav_app/install/px4_ros_com/lib/px4_ros_com/offboard_control
[70.840s] -- Set runtime path of "/home/lohitoburrito/uav_app/install/px4_ros_com/lib/px4_ros_com/offboard_control" to ""
[70.840s] -- Installing: /home/lohitoburrito/uav_app/install/px4_ros_com/lib/px4_ros_com/offboard_control_srv
[70.843s] -- Set runtime path of "/home/lohitoburrito/uav_app/install/px4_ros_com/lib/px4_ros_com/offboard_control_srv" to ""
[70.843s] -- Installing: /home/lohitoburrito/uav_app/install/px4_ros_com/lib/px4_ros_com/reconnaissance
[70.858s] -- Set runtime path of "/home/lohitoburrito/uav_app/install/px4_ros_com/lib/px4_ros_com/reconnaissance" to ""
[70.858s] -- Installing: /home/lohitoburrito/uav_app/install/px4_ros_com/share/px4_ros_com/environment/library_path.sh
[70.859s] -- Installing: /home/lohitoburrito/uav_app/install/px4_ros_com/share/px4_ros_com/environment/library_path.dsv
[70.859s] -- Installing: /home/lohitoburrito/uav_app/install/px4_ros_com/include/px4_ros_com
[70.860s] -- Installing: /home/lohitoburrito/uav_app/install/px4_ros_com/include/px4_ros_com/frame_transforms.h
[70.860s] -- Installing: /home/lohitoburrito/uav_app/install/px4_ros_com/lib/libframe_transforms.so
[70.867s] -- Set runtime path of "/home/lohitoburrito/uav_app/install/px4_ros_com/lib/libframe_transforms.so" to ""
[70.867s] -- Installing: /home/lohitoburrito/uav_app/install/px4_ros_com/share/px4_ros_com//launch
[70.867s] -- Installing: /home/lohitoburrito/uav_app/install/px4_ros_com/share/px4_ros_com//launch/sensor_combined_listener.launch.py
[70.868s] -- Installing: /home/lohitoburrito/uav_app/install/px4_ros_com/share/px4_ros_com//launch/offboard_control_launch.yaml
[70.868s] -- Installing: /home/lohitoburrito/uav_app/install/px4_ros_com/share/px4_ros_com//test
[70.868s] -- Installing: /home/lohitoburrito/uav_app/install/px4_ros_com/share/px4_ros_com//test/test_input.py
[70.869s] -- Installing: /home/lohitoburrito/uav_app/install/px4_ros_com/share/px4_ros_com//test/pipeline_io_test.py
[70.869s] -- Installing: /home/lohitoburrito/uav_app/install/px4_ros_com/share/px4_ros_com//test/__init__.py
[70.870s] -- Installing: /home/lohitoburrito/uav_app/install/px4_ros_com/share/px4_ros_com//test/test_output.py
[70.870s] -- Installing: /home/lohitoburrito/uav_app/install/px4_ros_com/share/px4_ros_com/environment/pythonpath.sh
[70.870s] -- Installing: /home/lohitoburrito/uav_app/install/px4_ros_com/share/px4_ros_com/environment/pythonpath.dsv
[70.870s] -- Installing: /home/lohitoburrito/uav_app/install/px4_ros_com/local/lib/python3.10/dist-packages/px4_ros_com-0.1.0-py3.10.egg-info
[70.871s] -- Installing: /home/lohitoburrito/uav_app/install/px4_ros_com/local/lib/python3.10/dist-packages/px4_ros_com-0.1.0-py3.10.egg-info/top_level.txt
[70.871s] -- Installing: /home/lohitoburrito/uav_app/install/px4_ros_com/local/lib/python3.10/dist-packages/px4_ros_com-0.1.0-py3.10.egg-info/dependency_links.txt
[70.872s] -- Installing: /home/lohitoburrito/uav_app/install/px4_ros_com/local/lib/python3.10/dist-packages/px4_ros_com-0.1.0-py3.10.egg-info/PKG-INFO
[70.872s] -- Installing: /home/lohitoburrito/uav_app/install/px4_ros_com/local/lib/python3.10/dist-packages/px4_ros_com-0.1.0-py3.10.egg-info/SOURCES.txt
[70.873s] -- Installing: /home/lohitoburrito/uav_app/install/px4_ros_com/local/lib/python3.10/dist-packages/px4_ros_com
[70.873s] -- Installing: /home/lohitoburrito/uav_app/install/px4_ros_com/local/lib/python3.10/dist-packages/px4_ros_com/__init__.py
[70.873s] -- Installing: /home/lohitoburrito/uav_app/install/px4_ros_com/local/lib/python3.10/dist-packages/px4_ros_com/module_to_import.py
[70.958s] Listing '/home/lohitoburrito/uav_app/install/px4_ros_com/local/lib/python3.10/dist-packages/px4_ros_com'...
[70.958s] Compiling '/home/lohitoburrito/uav_app/install/px4_ros_com/local/lib/python3.10/dist-packages/px4_ros_com/__init__.py'...
[70.958s] Compiling '/home/lohitoburrito/uav_app/install/px4_ros_com/local/lib/python3.10/dist-packages/px4_ros_com/module_to_import.py'...
[70.970s] -- Installing: /home/lohitoburrito/uav_app/install/px4_ros_com/lib/px4_ros_com/offboard_control.py
[70.971s] -- Installing: /home/lohitoburrito/uav_app/install/px4_ros_com/share/ament_index/resource_index/package_run_dependencies/px4_ros_com
[70.972s] -- Installing: /home/lohitoburrito/uav_app/install/px4_ros_com/share/ament_index/resource_index/parent_prefix_path/px4_ros_com
[70.972s] -- Installing: /home/lohitoburrito/uav_app/install/px4_ros_com/share/px4_ros_com/environment/ament_prefix_path.sh
[70.973s] -- Installing: /home/lohitoburrito/uav_app/install/px4_ros_com/share/px4_ros_com/environment/ament_prefix_path.dsv
[70.973s] -- Installing: /home/lohitoburrito/uav_app/install/px4_ros_com/share/px4_ros_com/environment/path.sh
[70.974s] -- Installing: /home/lohitoburrito/uav_app/install/px4_ros_com/share/px4_ros_com/environment/path.dsv
[70.974s] -- Installing: /home/lohitoburrito/uav_app/install/px4_ros_com/share/px4_ros_com/local_setup.bash
[70.975s] -- Installing: /home/lohitoburrito/uav_app/install/px4_ros_com/share/px4_ros_com/local_setup.sh
[70.976s] -- Installing: /home/lohitoburrito/uav_app/install/px4_ros_com/share/px4_ros_com/local_setup.zsh
[70.977s] -- Installing: /home/lohitoburrito/uav_app/install/px4_ros_com/share/px4_ros_com/local_setup.dsv
[70.977s] -- Installing: /home/lohitoburrito/uav_app/install/px4_ros_com/share/px4_ros_com/package.dsv
[70.978s] -- Installing: /home/lohitoburrito/uav_app/install/px4_ros_com/share/ament_index/resource_index/packages/px4_ros_com
[70.978s] -- Installing: /home/lohitoburrito/uav_app/install/px4_ros_com/share/px4_ros_com/cmake/export_frame_transformsExport.cmake
[70.979s] -- Installing: /home/lohitoburrito/uav_app/install/px4_ros_com/share/px4_ros_com/cmake/export_frame_transformsExport-noconfig.cmake
[70.979s] -- Installing: /home/lohitoburrito/uav_app/install/px4_ros_com/share/px4_ros_com/cmake/ament_cmake_export_dependencies-extras.cmake
[70.980s] -- Installing: /home/lohitoburrito/uav_app/install/px4_ros_com/share/px4_ros_com/cmake/ament_cmake_export_targets-extras.cmake
[70.980s] -- Installing: /home/lohitoburrito/uav_app/install/px4_ros_com/share/px4_ros_com/cmake/ament_cmake_export_include_directories-extras.cmake
[70.980s] -- Installing: /home/lohitoburrito/uav_app/install/px4_ros_com/share/px4_ros_com/cmake/ament_cmake_export_libraries-extras.cmake
[70.980s] -- Installing: /home/lohitoburrito/uav_app/install/px4_ros_com/share/px4_ros_com/cmake/px4_ros_comConfig.cmake
[70.980s] -- Installing: /home/lohitoburrito/uav_app/install/px4_ros_com/share/px4_ros_com/cmake/px4_ros_comConfig-version.cmake
[70.981s] -- Installing: /home/lohitoburrito/uav_app/install/px4_ros_com/share/px4_ros_com/package.xml
[70.985s] Invoked command in '/home/lohitoburrito/uav_app/build/px4_ros_com' returned '0': CMAKE_PREFIX_PATH=/home/lohitoburrito/uav_app/install/px4_msgs:/home/lohitoburrito/libtorch:/home/lohitoburrito/uav_app/install/px4_ros_com:/home/lohitoburrito/uav_recon/uav_app/install/px4_ros_com:/home/lohitoburrito/uav_recon/uav_app/install/px4_msgs:/opt/ros/humble LD_LIBRARY_PATH=/home/lohitoburrito/uav_app/install/px4_msgs/lib:/home/lohitoburrito/libtorch/lib:/home/lohitoburrito/uav_app/install/px4_ros_com/lib:/home/lohitoburrito/libtorch/lib:/home/lohitoburrito/uav_recon/uav_app/install/px4_ros_com/lib:/home/lohitoburrito/uav_recon/uav_app/install/px4_msgs/lib:/home/lohitoburrito/libtorch/lib:/usr/lib/x86_64-linux-gnu/gazebo-11/plugins:/opt/ros/humble/opt/rviz_ogre_vendor/lib:/opt/ros/humble/lib/x86_64-linux-gnu:/opt/ros/humble/lib /usr/bin/cmake --install /home/lohitoburrito/uav_app/build/px4_ros_com
