[0.158s] [34mcolcon[0m [1;30mDEBUG[0m [32mCommand line arguments: ['/usr/bin/colcon', 'build'][0m
[0.158s] [34mcolcon[0m [1;30mDEBUG[0m [32mParsed command line arguments: Namespace(log_base=None, log_level=None, verb_name='build', build_base='build', install_base='install', merge_install=False, symlink_install=False, test_result_base=None, continue_on_error=False, executor='parallel', parallel_workers=8, event_handlers=None, ignore_user_meta=False, metas=['./colcon.meta'], base_paths=['.'], packages_ignore=None, packages_ignore_regex=None, paths=None, packages_up_to=None, packages_up_to_regex=None, packages_above=None, packages_above_and_dependencies=None, packages_above_depth=None, packages_select_by_dep=None, packages_skip_by_dep=None, packages_skip_up_to=None, packages_select_build_failed=False, packages_skip_build_finished=False, packages_select_test_failures=False, packages_skip_test_passed=False, packages_select=None, packages_skip=None, packages_select_regex=None, packages_skip_regex=None, packages_start=None, packages_end=None, allow_overriding=[], cmake_args=None, cmake_target=None, cmake_target_skip_unavailable=False, cmake_clean_cache=False, cmake_clean_first=False, cmake_force_configure=False, ament_cmake_args=None, catkin_cmake_args=None, catkin_skip_building_tests=False, mixin_files=None, mixin=None, verb_parser=<colcon_mixin.mixin.mixin_argument.MixinArgumentDecorator object at 0x7f079c72a5f0>, verb_extension=<colcon_core.verb.build.BuildVerb object at 0x7f079c729c30>, main=<bound method BuildVerb.main of <colcon_core.verb.build.BuildVerb object at 0x7f079c729c30>>, mixin_verb=('build',))[0m
[0.185s] [34mcolcon.colcon_core.package_discovery[0m [1;30mLevel 1[0m discover_packages(colcon_meta) check parameters
[0.185s] [34mcolcon.colcon_core.package_discovery[0m [1;30mLevel 1[0m discover_packages(recursive) check parameters
[0.185s] [34mcolcon.colcon_core.package_discovery[0m [1;30mLevel 1[0m discover_packages(ignore) check parameters
[0.185s] [34mcolcon.colcon_core.package_discovery[0m [1;30mLevel 1[0m discover_packages(path) check parameters
[0.185s] [34mcolcon.colcon_core.package_discovery[0m [1;30mLevel 1[0m discover_packages(colcon_meta) discover
[0.186s] [34mcolcon.colcon_core.package_discovery[0m [1;30mLevel 1[0m discover_packages(recursive) discover
[0.186s] [34mcolcon.colcon_core.package_discovery[0m [1;30mINFO[0m Crawling recursively for packages in '/home/lohitoburrito/uav_app'
[0.186s] [34mcolcon.colcon_core.package_identification[0m [1;30mLevel 1[0m _identify(.) by extensions ['ignore', 'ignore_ament_install']
[0.186s] [34mcolcon.colcon_core.package_identification[0m [1;30mLevel 1[0m _identify(.) by extension 'ignore'
[0.186s] [34mcolcon.colcon_core.package_identification[0m [1;30mLevel 1[0m _identify(.) by extension 'ignore_ament_install'
[0.186s] [34mcolcon.colcon_core.package_identification[0m [1;30mLevel 1[0m _identify(.) by extensions ['colcon_pkg']
[0.186s] [34mcolcon.colcon_core.package_identification[0m [1;30mLevel 1[0m _identify(.) by extension 'colcon_pkg'
[0.186s] [34mcolcon.colcon_core.package_identification[0m [1;30mLevel 1[0m _identify(.) by extensions ['colcon_meta']
[0.186s] [34mcolcon.colcon_core.package_identification[0m [1;30mLevel 1[0m _identify(.) by extension 'colcon_meta'
[0.186s] [34mcolcon.colcon_core.package_identification[0m [1;30mLevel 1[0m _identify(.) by extensions ['ros']
[0.186s] [34mcolcon.colcon_core.package_identification[0m [1;30mLevel 1[0m _identify(.) by extension 'ros'
[0.196s] [34mcolcon.colcon_core.package_identification[0m [1;30mLevel 1[0m _identify(.) by extensions ['cmake', 'python']
[0.196s] [34mcolcon.colcon_core.package_identification[0m [1;30mLevel 1[0m _identify(.) by extension 'cmake'
[0.196s] [34mcolcon.colcon_core.package_identification[0m [1;30mLevel 1[0m _identify(.) by extension 'python'
[0.197s] [34mcolcon.colcon_core.package_identification[0m [1;30mLevel 1[0m _identify(.) by extensions ['python_setup_py']
[0.197s] [34mcolcon.colcon_core.package_identification[0m [1;30mLevel 1[0m _identify(.) by extension 'python_setup_py'
[0.197s] [34mcolcon.colcon_core.package_identification[0m [1;30mLevel 1[0m _identify(build) by extensions ['ignore', 'ignore_ament_install']
[0.197s] [34mcolcon.colcon_core.package_identification[0m [1;30mLevel 1[0m _identify(build) by extension 'ignore'
[0.197s] [34mcolcon.colcon_core.package_identification[0m [1;30mLevel 1[0m _identify(build) ignored
[0.197s] [34mcolcon.colcon_core.package_identification[0m [1;30mLevel 1[0m _identify(install) by extensions ['ignore', 'ignore_ament_install']
[0.197s] [34mcolcon.colcon_core.package_identification[0m [1;30mLevel 1[0m _identify(install) by extension 'ignore'
[0.197s] [34mcolcon.colcon_core.package_identification[0m [1;30mLevel 1[0m _identify(install) ignored
[0.197s] [34mcolcon.colcon_core.package_identification[0m [1;30mLevel 1[0m _identify(log) by extensions ['ignore', 'ignore_ament_install']
[0.197s] [34mcolcon.colcon_core.package_identification[0m [1;30mLevel 1[0m _identify(log) by extension 'ignore'
[0.197s] [34mcolcon.colcon_core.package_identification[0m [1;30mLevel 1[0m _identify(log) ignored
[0.197s] [34mcolcon.colcon_core.package_identification[0m [1;30mLevel 1[0m _identify(src) by extensions ['ignore', 'ignore_ament_install']
[0.197s] [34mcolcon.colcon_core.package_identification[0m [1;30mLevel 1[0m _identify(src) by extension 'ignore'
[0.197s] [34mcolcon.colcon_core.package_identification[0m [1;30mLevel 1[0m _identify(src) by extension 'ignore_ament_install'
[0.197s] [34mcolcon.colcon_core.package_identification[0m [1;30mLevel 1[0m _identify(src) by extensions ['colcon_pkg']
[0.197s] [34mcolcon.colcon_core.package_identification[0m [1;30mLevel 1[0m _identify(src) by extension 'colcon_pkg'
[0.198s] [34mcolcon.colcon_core.package_identification[0m [1;30mLevel 1[0m _identify(src) by extensions ['colcon_meta']
[0.198s] [34mcolcon.colcon_core.package_identification[0m [1;30mLevel 1[0m _identify(src) by extension 'colcon_meta'
[0.198s] [34mcolcon.colcon_core.package_identification[0m [1;30mLevel 1[0m _identify(src) by extensions ['ros']
[0.198s] [34mcolcon.colcon_core.package_identification[0m [1;30mLevel 1[0m _identify(src) by extension 'ros'
[0.198s] [34mcolcon.colcon_core.package_identification[0m [1;30mLevel 1[0m _identify(src) by extensions ['cmake', 'python']
[0.198s] [34mcolcon.colcon_core.package_identification[0m [1;30mLevel 1[0m _identify(src) by extension 'cmake'
[0.198s] [34mcolcon.colcon_core.package_identification[0m [1;30mLevel 1[0m _identify(src) by extension 'python'
[0.198s] [34mcolcon.colcon_core.package_identification[0m [1;30mLevel 1[0m _identify(src) by extensions ['python_setup_py']
[0.198s] [34mcolcon.colcon_core.package_identification[0m [1;30mLevel 1[0m _identify(src) by extension 'python_setup_py'
[0.198s] [34mcolcon.colcon_core.package_identification[0m [1;30mLevel 1[0m _identify(src/px4_msgs) by extensions ['ignore', 'ignore_ament_install']
[0.198s] [34mcolcon.colcon_core.package_identification[0m [1;30mLevel 1[0m _identify(src/px4_msgs) by extension 'ignore'
[0.198s] [34mcolcon.colcon_core.package_identification[0m [1;30mLevel 1[0m _identify(src/px4_msgs) by extension 'ignore_ament_install'
[0.198s] [34mcolcon.colcon_core.package_identification[0m [1;30mLevel 1[0m _identify(src/px4_msgs) by extensions ['colcon_pkg']
[0.198s] [34mcolcon.colcon_core.package_identification[0m [1;30mLevel 1[0m _identify(src/px4_msgs) by extension 'colcon_pkg'
[0.198s] [34mcolcon.colcon_core.package_identification[0m [1;30mLevel 1[0m _identify(src/px4_msgs) by extensions ['colcon_meta']
[0.198s] [34mcolcon.colcon_core.package_identification[0m [1;30mLevel 1[0m _identify(src/px4_msgs) by extension 'colcon_meta'
[0.198s] [34mcolcon.colcon_core.package_identification[0m [1;30mLevel 1[0m _identify(src/px4_msgs) by extensions ['ros']
[0.198s] [34mcolcon.colcon_core.package_identification[0m [1;30mLevel 1[0m _identify(src/px4_msgs) by extension 'ros'
[0.200s] [34mcolcon.colcon_core.package_identification[0m [1;30mDEBUG[0m [32mPackage 'src/px4_msgs' with type 'ros.ament_cmake' and name 'px4_msgs'[0m
[0.200s] [34mcolcon.colcon_core.package_identification[0m [1;30mLevel 1[0m _identify(src/px4_ros_com) by extensions ['ignore', 'ignore_ament_install']
[0.200s] [34mcolcon.colcon_core.package_identification[0m [1;30mLevel 1[0m _identify(src/px4_ros_com) by extension 'ignore'
[0.200s] [34mcolcon.colcon_core.package_identification[0m [1;30mLevel 1[0m _identify(src/px4_ros_com) by extension 'ignore_ament_install'
[0.200s] [34mcolcon.colcon_core.package_identification[0m [1;30mLevel 1[0m _identify(src/px4_ros_com) by extensions ['colcon_pkg']
[0.200s] [34mcolcon.colcon_core.package_identification[0m [1;30mLevel 1[0m _identify(src/px4_ros_com) by extension 'colcon_pkg'
[0.200s] [34mcolcon.colcon_core.package_identification[0m [1;30mLevel 1[0m _identify(src/px4_ros_com) by extensions ['colcon_meta']
[0.200s] [34mcolcon.colcon_core.package_identification[0m [1;30mLevel 1[0m _identify(src/px4_ros_com) by extension 'colcon_meta'
[0.200s] [34mcolcon.colcon_core.package_identification[0m [1;30mLevel 1[0m _identify(src/px4_ros_com) by extensions ['ros']
[0.200s] [34mcolcon.colcon_core.package_identification[0m [1;30mLevel 1[0m _identify(src/px4_ros_com) by extension 'ros'
[0.201s] [34mcolcon.colcon_core.package_identification[0m [1;30mDEBUG[0m [32mPackage 'src/px4_ros_com' with type 'ros.ament_cmake' and name 'px4_ros_com'[0m
[0.201s] [34mcolcon.colcon_core.package_discovery[0m [1;30mLevel 1[0m discover_packages(recursive) using defaults
[0.201s] [34mcolcon.colcon_core.package_discovery[0m [1;30mLevel 1[0m discover_packages(ignore) discover
[0.202s] [34mcolcon.colcon_core.package_discovery[0m [1;30mLevel 1[0m discover_packages(ignore) using defaults
[0.202s] [34mcolcon.colcon_core.package_discovery[0m [1;30mLevel 1[0m discover_packages(path) discover
[0.202s] [34mcolcon.colcon_core.package_discovery[0m [1;30mLevel 1[0m discover_packages(path) using defaults
[0.217s] [34mcolcon.colcon_core.package_discovery[0m [1;30mLevel 1[0m discover_packages(prefix_path) check parameters
[0.217s] [34mcolcon.colcon_core.package_discovery[0m [1;30mLevel 1[0m discover_packages(prefix_path) discover
[0.217s] [34mcolcon.colcon_core.prefix_path.colcon[0m [1;30mWARNING[0m [33mThe path '/home/lohitoburrito/uav_recon/uav_app/install' in the environment variable COLCON_PREFIX_PATH doesn't exist[0m
[0.218s] [34mcolcon.colcon_ros.prefix_path.ament[0m [1;30mWARNING[0m [33mThe path '/home/lohitoburrito/uav_recon/uav_app/install/px4_ros_com' in the environment variable AMENT_PREFIX_PATH doesn't exist[0m
[0.218s] [34mcolcon.colcon_ros.prefix_path.ament[0m [1;30mWARNING[0m [33mThe path '/home/lohitoburrito/uav_recon/uav_app/install/px4_msgs' in the environment variable AMENT_PREFIX_PATH doesn't exist[0m
[0.219s] [34mcolcon.colcon_installed_package_information.package_discovery[0m [1;30mDEBUG[0m [32mFound 2 installed packages in /home/lohitoburrito/uav_app/install[0m
[0.220s] [34mcolcon.colcon_installed_package_information.package_discovery[0m [1;30mDEBUG[0m [32mFound 278 installed packages in /opt/ros/humble[0m
[0.221s] [34mcolcon.colcon_core.package_discovery[0m [1;30mLevel 1[0m discover_packages(prefix_path) using defaults
[0.256s] [34mcolcon.colcon_core.verb[0m [1;30mLevel 5[0m set package 'px4_msgs' build argument 'cmake_args' from command line to 'None'
[0.257s] [34mcolcon.colcon_core.verb[0m [1;30mLevel 5[0m set package 'px4_msgs' build argument 'cmake_target' from command line to 'None'
[0.257s] [34mcolcon.colcon_core.verb[0m [1;30mLevel 5[0m set package 'px4_msgs' build argument 'cmake_target_skip_unavailable' from command line to 'False'
[0.257s] [34mcolcon.colcon_core.verb[0m [1;30mLevel 5[0m set package 'px4_msgs' build argument 'cmake_clean_cache' from command line to 'False'
[0.257s] [34mcolcon.colcon_core.verb[0m [1;30mLevel 5[0m set package 'px4_msgs' build argument 'cmake_clean_first' from command line to 'False'
[0.257s] [34mcolcon.colcon_core.verb[0m [1;30mLevel 5[0m set package 'px4_msgs' build argument 'cmake_force_configure' from command line to 'False'
[0.257s] [34mcolcon.colcon_core.verb[0m [1;30mLevel 5[0m set package 'px4_msgs' build argument 'ament_cmake_args' from command line to 'None'
[0.257s] [34mcolcon.colcon_core.verb[0m [1;30mLevel 5[0m set package 'px4_msgs' build argument 'catkin_cmake_args' from command line to 'None'
[0.257s] [34mcolcon.colcon_core.verb[0m [1;30mLevel 5[0m set package 'px4_msgs' build argument 'catkin_skip_building_tests' from command line to 'False'
[0.257s] [34mcolcon.colcon_core.verb[0m [1;30mDEBUG[0m [32mBuilding package 'px4_msgs' with the following arguments: {'ament_cmake_args': None, 'build_base': '/home/lohitoburrito/uav_app/build/px4_msgs', 'catkin_cmake_args': None, 'catkin_skip_building_tests': False, 'cmake_args': None, 'cmake_clean_cache': False, 'cmake_clean_first': False, 'cmake_force_configure': False, 'cmake_target': None, 'cmake_target_skip_unavailable': False, 'install_base': '/home/lohitoburrito/uav_app/install/px4_msgs', 'merge_install': False, 'path': '/home/lohitoburrito/uav_app/src/px4_msgs', 'symlink_install': False, 'test_result_base': None}[0m
[0.257s] [34mcolcon.colcon_core.verb[0m [1;30mLevel 5[0m set package 'px4_ros_com' build argument 'cmake_args' from command line to 'None'
[0.257s] [34mcolcon.colcon_core.verb[0m [1;30mLevel 5[0m set package 'px4_ros_com' build argument 'cmake_target' from command line to 'None'
[0.257s] [34mcolcon.colcon_core.verb[0m [1;30mLevel 5[0m set package 'px4_ros_com' build argument 'cmake_target_skip_unavailable' from command line to 'False'
[0.257s] [34mcolcon.colcon_core.verb[0m [1;30mLevel 5[0m set package 'px4_ros_com' build argument 'cmake_clean_cache' from command line to 'False'
[0.257s] [34mcolcon.colcon_core.verb[0m [1;30mLevel 5[0m set package 'px4_ros_com' build argument 'cmake_clean_first' from command line to 'False'
[0.257s] [34mcolcon.colcon_core.verb[0m [1;30mLevel 5[0m set package 'px4_ros_com' build argument 'cmake_force_configure' from command line to 'False'
[0.257s] [34mcolcon.colcon_core.verb[0m [1;30mLevel 5[0m set package 'px4_ros_com' build argument 'ament_cmake_args' from command line to 'None'
[0.257s] [34mcolcon.colcon_core.verb[0m [1;30mLevel 5[0m set package 'px4_ros_com' build argument 'catkin_cmake_args' from command line to 'None'
[0.257s] [34mcolcon.colcon_core.verb[0m [1;30mLevel 5[0m set package 'px4_ros_com' build argument 'catkin_skip_building_tests' from command line to 'False'
[0.257s] [34mcolcon.colcon_core.verb[0m [1;30mDEBUG[0m [32mBuilding package 'px4_ros_com' with the following arguments: {'ament_cmake_args': None, 'build_base': '/home/lohitoburrito/uav_app/build/px4_ros_com', 'catkin_cmake_args': None, 'catkin_skip_building_tests': False, 'cmake_args': None, 'cmake_clean_cache': False, 'cmake_clean_first': False, 'cmake_force_configure': False, 'cmake_target': None, 'cmake_target_skip_unavailable': False, 'install_base': '/home/lohitoburrito/uav_app/install/px4_ros_com', 'merge_install': False, 'path': '/home/lohitoburrito/uav_app/src/px4_ros_com', 'symlink_install': False, 'test_result_base': None}[0m
[0.257s] [34mcolcon.colcon_core.executor[0m [1;30mINFO[0m Executing jobs using 'parallel' executor
[0.259s] [34mcolcon.colcon_parallel_executor.executor.parallel[0m [1;30mDEBUG[0m [32mrun_until_complete[0m
[0.259s] [34mcolcon.colcon_ros.task.ament_cmake.build[0m [1;30mINFO[0m Building ROS package in '/home/lohitoburrito/uav_app/src/px4_msgs' with build type 'ament_cmake'
[0.259s] [34mcolcon.colcon_cmake.task.cmake.build[0m [1;30mINFO[0m Building CMake package in '/home/lohitoburrito/uav_app/src/px4_msgs'
[0.261s] [34mcolcon.colcon_core.plugin_system[0m [1;30mINFO[0m Skipping extension 'colcon_core.shell.bat': Not used on non-Windows systems
[0.261s] [34mcolcon.colcon_core.shell[0m [1;30mINFO[0m Skip shell extension 'powershell' for command environment: Not usable outside of PowerShell
[0.261s] [34mcolcon.colcon_core.shell[0m [1;30mDEBUG[0m [32mSkip shell extension 'dsv' for command environment[0m
[0.270s] [34mcolcon.colcon_core.event_handler.log_command[0m [1;30mDEBUG[0m [32mInvoking command in '/home/lohitoburrito/uav_app/build/px4_msgs': CMAKE_PREFIX_PATH=${CMAKE_PREFIX_PATH}:/home/lohitoburrito/uav_recon/uav_app/install/px4_ros_com:/home/lohitoburrito/uav_recon/uav_app/install/px4_msgs:/opt/ros/humble /usr/bin/cmake --build /home/lohitoburrito/uav_app/build/px4_msgs -- -j8 -l8[0m
[1.033s] [34mcolcon.colcon_core.event_handler.log_command[0m [1;30mDEBUG[0m [32mInvoked command in '/home/lohitoburrito/uav_app/build/px4_msgs' returned '0': CMAKE_PREFIX_PATH=${CMAKE_PREFIX_PATH}:/home/lohitoburrito/uav_recon/uav_app/install/px4_ros_com:/home/lohitoburrito/uav_recon/uav_app/install/px4_msgs:/opt/ros/humble /usr/bin/cmake --build /home/lohitoburrito/uav_app/build/px4_msgs -- -j8 -l8[0m
[1.040s] [34mcolcon.colcon_core.event_handler.log_command[0m [1;30mDEBUG[0m [32mInvoking command in '/home/lohitoburrito/uav_app/build/px4_msgs': CMAKE_PREFIX_PATH=${CMAKE_PREFIX_PATH}:/home/lohitoburrito/uav_recon/uav_app/install/px4_ros_com:/home/lohitoburrito/uav_recon/uav_app/install/px4_msgs:/opt/ros/humble /usr/bin/cmake --install /home/lohitoburrito/uav_app/build/px4_msgs[0m
[1.431s] [34mcolcon.colcon_core.environment[0m [1;30mLevel 1[0m create_environment_scripts_only(px4_msgs)
[1.480s] [34mcolcon.colcon_core.environment[0m [1;30mLevel 1[0m checking '/home/lohitoburrito/uav_app/install/px4_msgs' for CMake module files
[1.495s] [34mcolcon.colcon_core.environment[0m [1;30mLevel 1[0m checking '/home/lohitoburrito/uav_app/install/px4_msgs' for CMake config files
[1.572s] [34mcolcon.colcon_core.event_handler.log_command[0m [1;30mDEBUG[0m [32mInvoked command in '/home/lohitoburrito/uav_app/build/px4_msgs' returned '0': CMAKE_PREFIX_PATH=${CMAKE_PREFIX_PATH}:/home/lohitoburrito/uav_recon/uav_app/install/px4_ros_com:/home/lohitoburrito/uav_recon/uav_app/install/px4_msgs:/opt/ros/humble /usr/bin/cmake --install /home/lohitoburrito/uav_app/build/px4_msgs[0m
[1.576s] [34mcolcon.colcon_core.shell[0m [1;30mLevel 1[0m create_environment_hook('px4_msgs', 'cmake_prefix_path')
[1.576s] [34mcolcon.colcon_core.shell[0m [1;30mINFO[0m Creating environment hook '/home/lohitoburrito/uav_app/install/px4_msgs/share/px4_msgs/hook/cmake_prefix_path.ps1'
[1.576s] [34mcolcon.colcon_core.shell[0m [1;30mINFO[0m Creating environment descriptor '/home/lohitoburrito/uav_app/install/px4_msgs/share/px4_msgs/hook/cmake_prefix_path.dsv'
[1.577s] [34mcolcon.colcon_core.shell[0m [1;30mINFO[0m Creating environment hook '/home/lohitoburrito/uav_app/install/px4_msgs/share/px4_msgs/hook/cmake_prefix_path.sh'
[1.577s] [34mcolcon.colcon_core.environment[0m [1;30mLevel 1[0m checking '/home/lohitoburrito/uav_app/install/px4_msgs/lib'
[1.578s] [34mcolcon.colcon_core.shell[0m [1;30mLevel 1[0m create_environment_hook('px4_msgs', 'ld_library_path_lib')
[1.578s] [34mcolcon.colcon_core.shell[0m [1;30mINFO[0m Creating environment hook '/home/lohitoburrito/uav_app/install/px4_msgs/share/px4_msgs/hook/ld_library_path_lib.ps1'
[1.578s] [34mcolcon.colcon_core.shell[0m [1;30mINFO[0m Creating environment descriptor '/home/lohitoburrito/uav_app/install/px4_msgs/share/px4_msgs/hook/ld_library_path_lib.dsv'
[1.578s] [34mcolcon.colcon_core.shell[0m [1;30mINFO[0m Creating environment hook '/home/lohitoburrito/uav_app/install/px4_msgs/share/px4_msgs/hook/ld_library_path_lib.sh'
[1.579s] [34mcolcon.colcon_core.environment[0m [1;30mLevel 1[0m checking '/home/lohitoburrito/uav_app/install/px4_msgs/bin'
[1.579s] [34mcolcon.colcon_core.environment[0m [1;30mLevel 1[0m checking '/home/lohitoburrito/uav_app/install/px4_msgs/lib/pkgconfig/px4_msgs.pc'
[1.579s] [34mcolcon.colcon_core.environment[0m [1;30mLevel 1[0m checking '/home/lohitoburrito/uav_app/install/px4_msgs/lib/python3.10/site-packages'
[1.579s] [34mcolcon.colcon_core.environment[0m [1;30mLevel 1[0m checking '/home/lohitoburrito/uav_app/install/px4_msgs/bin'
[1.579s] [34mcolcon.colcon_core.shell[0m [1;30mINFO[0m Creating package script '/home/lohitoburrito/uav_app/install/px4_msgs/share/px4_msgs/package.ps1'
[1.580s] [34mcolcon.colcon_core.shell[0m [1;30mINFO[0m Creating package descriptor '/home/lohitoburrito/uav_app/install/px4_msgs/share/px4_msgs/package.dsv'
[1.580s] [34mcolcon.colcon_core.shell[0m [1;30mINFO[0m Creating package script '/home/lohitoburrito/uav_app/install/px4_msgs/share/px4_msgs/package.sh'
[1.581s] [34mcolcon.colcon_core.shell[0m [1;30mINFO[0m Creating package script '/home/lohitoburrito/uav_app/install/px4_msgs/share/px4_msgs/package.bash'
[1.581s] [34mcolcon.colcon_core.shell[0m [1;30mINFO[0m Creating package script '/home/lohitoburrito/uav_app/install/px4_msgs/share/px4_msgs/package.zsh'
[1.582s] [34mcolcon.colcon_core.environment[0m [1;30mLevel 1[0m create_file_with_runtime_dependencies(/home/lohitoburrito/uav_app/install/px4_msgs/share/colcon-core/packages/px4_msgs)
[1.582s] [34mcolcon.colcon_core.environment[0m [1;30mLevel 1[0m create_environment_scripts_only(px4_msgs)
[1.583s] [34mcolcon.colcon_core.environment[0m [1;30mLevel 1[0m checking '/home/lohitoburrito/uav_app/install/px4_msgs' for CMake module files
[1.583s] [34mcolcon.colcon_core.environment[0m [1;30mLevel 1[0m checking '/home/lohitoburrito/uav_app/install/px4_msgs' for CMake config files
[1.587s] [34mcolcon.colcon_core.shell[0m [1;30mLevel 1[0m create_environment_hook('px4_msgs', 'cmake_prefix_path')
[1.588s] [34mcolcon.colcon_core.shell[0m [1;30mINFO[0m Creating environment hook '/home/lohitoburrito/uav_app/install/px4_msgs/share/px4_msgs/hook/cmake_prefix_path.ps1'
[1.588s] [34mcolcon.colcon_core.shell[0m [1;30mINFO[0m Creating environment descriptor '/home/lohitoburrito/uav_app/install/px4_msgs/share/px4_msgs/hook/cmake_prefix_path.dsv'
[1.588s] [34mcolcon.colcon_core.shell[0m [1;30mINFO[0m Creating environment hook '/home/lohitoburrito/uav_app/install/px4_msgs/share/px4_msgs/hook/cmake_prefix_path.sh'
[1.589s] [34mcolcon.colcon_core.environment[0m [1;30mLevel 1[0m checking '/home/lohitoburrito/uav_app/install/px4_msgs/lib'
[1.589s] [34mcolcon.colcon_core.shell[0m [1;30mLevel 1[0m create_environment_hook('px4_msgs', 'ld_library_path_lib')
[1.589s] [34mcolcon.colcon_core.shell[0m [1;30mINFO[0m Creating environment hook '/home/lohitoburrito/uav_app/install/px4_msgs/share/px4_msgs/hook/ld_library_path_lib.ps1'
[1.589s] [34mcolcon.colcon_core.shell[0m [1;30mINFO[0m Creating environment descriptor '/home/lohitoburrito/uav_app/install/px4_msgs/share/px4_msgs/hook/ld_library_path_lib.dsv'
[1.589s] [34mcolcon.colcon_core.shell[0m [1;30mINFO[0m Creating environment hook '/home/lohitoburrito/uav_app/install/px4_msgs/share/px4_msgs/hook/ld_library_path_lib.sh'
[1.590s] [34mcolcon.colcon_core.environment[0m [1;30mLevel 1[0m checking '/home/lohitoburrito/uav_app/install/px4_msgs/bin'
[1.590s] [34mcolcon.colcon_core.environment[0m [1;30mLevel 1[0m checking '/home/lohitoburrito/uav_app/install/px4_msgs/lib/pkgconfig/px4_msgs.pc'
[1.590s] [34mcolcon.colcon_core.environment[0m [1;30mLevel 1[0m checking '/home/lohitoburrito/uav_app/install/px4_msgs/lib/python3.10/site-packages'
[1.590s] [34mcolcon.colcon_core.environment[0m [1;30mLevel 1[0m checking '/home/lohitoburrito/uav_app/install/px4_msgs/bin'
[1.591s] [34mcolcon.colcon_core.shell[0m [1;30mINFO[0m Creating package script '/home/lohitoburrito/uav_app/install/px4_msgs/share/px4_msgs/package.ps1'
[1.591s] [34mcolcon.colcon_core.shell[0m [1;30mINFO[0m Creating package descriptor '/home/lohitoburrito/uav_app/install/px4_msgs/share/px4_msgs/package.dsv'
[1.592s] [34mcolcon.colcon_core.shell[0m [1;30mINFO[0m Creating package script '/home/lohitoburrito/uav_app/install/px4_msgs/share/px4_msgs/package.sh'
[1.592s] [34mcolcon.colcon_core.shell[0m [1;30mINFO[0m Creating package script '/home/lohitoburrito/uav_app/install/px4_msgs/share/px4_msgs/package.bash'
[1.592s] [34mcolcon.colcon_core.shell[0m [1;30mINFO[0m Creating package script '/home/lohitoburrito/uav_app/install/px4_msgs/share/px4_msgs/package.zsh'
[1.593s] [34mcolcon.colcon_core.environment[0m [1;30mLevel 1[0m create_file_with_runtime_dependencies(/home/lohitoburrito/uav_app/install/px4_msgs/share/colcon-core/packages/px4_msgs)
[1.593s] [34mcolcon.colcon_ros.task.ament_cmake.build[0m [1;30mINFO[0m Building ROS package in '/home/lohitoburrito/uav_app/src/px4_ros_com' with build type 'ament_cmake'
[1.593s] [34mcolcon.colcon_cmake.task.cmake.build[0m [1;30mINFO[0m Building CMake package in '/home/lohitoburrito/uav_app/src/px4_ros_com'
[1.593s] [34mcolcon.colcon_core.shell[0m [1;30mINFO[0m Skip shell extension 'powershell' for command environment: Not usable outside of PowerShell
[1.593s] [34mcolcon.colcon_core.shell[0m [1;30mDEBUG[0m [32mSkip shell extension 'dsv' for command environment[0m
[1.689s] [34mcolcon.colcon_core.event_handler.log_command[0m [1;30mDEBUG[0m [32mInvoking command in '/home/lohitoburrito/uav_app/build/px4_ros_com': CMAKE_PREFIX_PATH=/home/lohitoburrito/uav_app/install/px4_msgs:/home/lohitoburrito/uav_app/install/px4_ros_com:/home/lohitoburrito/libtorch:/home/lohitoburrito/uav_recon/uav_app/install/px4_ros_com:/home/lohitoburrito/uav_recon/uav_app/install/px4_msgs:/opt/ros/humble LD_LIBRARY_PATH=/home/lohitoburrito/uav_app/install/px4_msgs/lib:/home/lohitoburrito/libtorch/lib:/home/lohitoburrito/uav_app/install/px4_ros_com/lib:/home/lohitoburrito/libtorch/lib:/home/lohitoburrito/uav_recon/uav_app/install/px4_ros_com/lib:/home/lohitoburrito/uav_recon/uav_app/install/px4_msgs/lib:/home/lohitoburrito/libtorch/lib:/usr/lib/x86_64-linux-gnu/gazebo-11/plugins:/opt/ros/humble/opt/rviz_ogre_vendor/lib:/opt/ros/humble/lib/x86_64-linux-gnu:/opt/ros/humble/lib /usr/bin/cmake --build /home/lohitoburrito/uav_app/build/px4_ros_com -- -j8 -l8[0m
[16.357s] [34mcolcon.colcon_core.event_handler.log_command[0m [1;30mDEBUG[0m [32mInvoked command in '/home/lohitoburrito/uav_app/build/px4_ros_com' returned '0': CMAKE_PREFIX_PATH=/home/lohitoburrito/uav_app/install/px4_msgs:/home/lohitoburrito/uav_app/install/px4_ros_com:/home/lohitoburrito/libtorch:/home/lohitoburrito/uav_recon/uav_app/install/px4_ros_com:/home/lohitoburrito/uav_recon/uav_app/install/px4_msgs:/opt/ros/humble LD_LIBRARY_PATH=/home/lohitoburrito/uav_app/install/px4_msgs/lib:/home/lohitoburrito/libtorch/lib:/home/lohitoburrito/uav_app/install/px4_ros_com/lib:/home/lohitoburrito/libtorch/lib:/home/lohitoburrito/uav_recon/uav_app/install/px4_ros_com/lib:/home/lohitoburrito/uav_recon/uav_app/install/px4_msgs/lib:/home/lohitoburrito/libtorch/lib:/usr/lib/x86_64-linux-gnu/gazebo-11/plugins:/opt/ros/humble/opt/rviz_ogre_vendor/lib:/opt/ros/humble/lib/x86_64-linux-gnu:/opt/ros/humble/lib /usr/bin/cmake --build /home/lohitoburrito/uav_app/build/px4_ros_com -- -j8 -l8[0m
[16.360s] [34mcolcon.colcon_core.event_handler.log_command[0m [1;30mDEBUG[0m [32mInvoking command in '/home/lohitoburrito/uav_app/build/px4_ros_com': CMAKE_PREFIX_PATH=/home/lohitoburrito/uav_app/install/px4_msgs:/home/lohitoburrito/uav_app/install/px4_ros_com:/home/lohitoburrito/libtorch:/home/lohitoburrito/uav_recon/uav_app/install/px4_ros_com:/home/lohitoburrito/uav_recon/uav_app/install/px4_msgs:/opt/ros/humble LD_LIBRARY_PATH=/home/lohitoburrito/uav_app/install/px4_msgs/lib:/home/lohitoburrito/libtorch/lib:/home/lohitoburrito/uav_app/install/px4_ros_com/lib:/home/lohitoburrito/libtorch/lib:/home/lohitoburrito/uav_recon/uav_app/install/px4_ros_com/lib:/home/lohitoburrito/uav_recon/uav_app/install/px4_msgs/lib:/home/lohitoburrito/libtorch/lib:/usr/lib/x86_64-linux-gnu/gazebo-11/plugins:/opt/ros/humble/opt/rviz_ogre_vendor/lib:/opt/ros/humble/lib/x86_64-linux-gnu:/opt/ros/humble/lib /usr/bin/cmake --install /home/lohitoburrito/uav_app/build/px4_ros_com[0m
[16.411s] [34mcolcon.colcon_core.environment[0m [1;30mLevel 1[0m create_environment_scripts_only(px4_ros_com)
[16.411s] [34mcolcon.colcon_core.environment[0m [1;30mLevel 1[0m checking '/home/lohitoburrito/uav_app/install/px4_ros_com' for CMake module files
[16.412s] [34mcolcon.colcon_core.event_handler.log_command[0m [1;30mDEBUG[0m [32mInvoked command in '/home/lohitoburrito/uav_app/build/px4_ros_com' returned '0': CMAKE_PREFIX_PATH=/home/lohitoburrito/uav_app/install/px4_msgs:/home/lohitoburrito/uav_app/install/px4_ros_com:/home/lohitoburrito/libtorch:/home/lohitoburrito/uav_recon/uav_app/install/px4_ros_com:/home/lohitoburrito/uav_recon/uav_app/install/px4_msgs:/opt/ros/humble LD_LIBRARY_PATH=/home/lohitoburrito/uav_app/install/px4_msgs/lib:/home/lohitoburrito/libtorch/lib:/home/lohitoburrito/uav_app/install/px4_ros_com/lib:/home/lohitoburrito/libtorch/lib:/home/lohitoburrito/uav_recon/uav_app/install/px4_ros_com/lib:/home/lohitoburrito/uav_recon/uav_app/install/px4_msgs/lib:/home/lohitoburrito/libtorch/lib:/usr/lib/x86_64-linux-gnu/gazebo-11/plugins:/opt/ros/humble/opt/rviz_ogre_vendor/lib:/opt/ros/humble/lib/x86_64-linux-gnu:/opt/ros/humble/lib /usr/bin/cmake --install /home/lohitoburrito/uav_app/build/px4_ros_com[0m
[16.412s] [34mcolcon.colcon_core.environment[0m [1;30mLevel 1[0m checking '/home/lohitoburrito/uav_app/install/px4_ros_com' for CMake config files
[16.413s] [34mcolcon.colcon_core.shell[0m [1;30mLevel 1[0m create_environment_hook('px4_ros_com', 'cmake_prefix_path')
[16.413s] [34mcolcon.colcon_core.shell[0m [1;30mINFO[0m Creating environment hook '/home/lohitoburrito/uav_app/install/px4_ros_com/share/px4_ros_com/hook/cmake_prefix_path.ps1'
[16.413s] [34mcolcon.colcon_core.shell[0m [1;30mINFO[0m Creating environment descriptor '/home/lohitoburrito/uav_app/install/px4_ros_com/share/px4_ros_com/hook/cmake_prefix_path.dsv'
[16.414s] [34mcolcon.colcon_core.shell[0m [1;30mINFO[0m Creating environment hook '/home/lohitoburrito/uav_app/install/px4_ros_com/share/px4_ros_com/hook/cmake_prefix_path.sh'
[16.414s] [34mcolcon.colcon_core.environment[0m [1;30mLevel 1[0m checking '/home/lohitoburrito/uav_app/install/px4_ros_com/lib'
[16.414s] [34mcolcon.colcon_core.shell[0m [1;30mLevel 1[0m create_environment_hook('px4_ros_com', 'ld_library_path_lib')
[16.414s] [34mcolcon.colcon_core.shell[0m [1;30mINFO[0m Creating environment hook '/home/lohitoburrito/uav_app/install/px4_ros_com/share/px4_ros_com/hook/ld_library_path_lib.ps1'
[16.415s] [34mcolcon.colcon_core.shell[0m [1;30mINFO[0m Creating environment descriptor '/home/lohitoburrito/uav_app/install/px4_ros_com/share/px4_ros_com/hook/ld_library_path_lib.dsv'
[16.415s] [34mcolcon.colcon_core.shell[0m [1;30mINFO[0m Creating environment hook '/home/lohitoburrito/uav_app/install/px4_ros_com/share/px4_ros_com/hook/ld_library_path_lib.sh'
[16.415s] [34mcolcon.colcon_core.environment[0m [1;30mLevel 1[0m checking '/home/lohitoburrito/uav_app/install/px4_ros_com/bin'
[16.415s] [34mcolcon.colcon_core.environment[0m [1;30mLevel 1[0m checking '/home/lohitoburrito/uav_app/install/px4_ros_com/lib/pkgconfig/px4_ros_com.pc'
[16.415s] [34mcolcon.colcon_core.environment[0m [1;30mLevel 1[0m checking '/home/lohitoburrito/uav_app/install/px4_ros_com/lib/python3.10/site-packages'
[16.416s] [34mcolcon.colcon_core.environment[0m [1;30mLevel 1[0m checking '/home/lohitoburrito/uav_app/install/px4_ros_com/bin'
[16.416s] [34mcolcon.colcon_core.shell[0m [1;30mINFO[0m Creating package script '/home/lohitoburrito/uav_app/install/px4_ros_com/share/px4_ros_com/package.ps1'
[16.416s] [34mcolcon.colcon_core.shell[0m [1;30mINFO[0m Creating package descriptor '/home/lohitoburrito/uav_app/install/px4_ros_com/share/px4_ros_com/package.dsv'
[16.417s] [34mcolcon.colcon_core.shell[0m [1;30mINFO[0m Creating package script '/home/lohitoburrito/uav_app/install/px4_ros_com/share/px4_ros_com/package.sh'
[16.417s] [34mcolcon.colcon_core.shell[0m [1;30mINFO[0m Creating package script '/home/lohitoburrito/uav_app/install/px4_ros_com/share/px4_ros_com/package.bash'
[16.417s] [34mcolcon.colcon_core.shell[0m [1;30mINFO[0m Creating package script '/home/lohitoburrito/uav_app/install/px4_ros_com/share/px4_ros_com/package.zsh'
[16.418s] [34mcolcon.colcon_core.environment[0m [1;30mLevel 1[0m create_file_with_runtime_dependencies(/home/lohitoburrito/uav_app/install/px4_ros_com/share/colcon-core/packages/px4_ros_com)
[16.418s] [34mcolcon.colcon_core.environment[0m [1;30mLevel 1[0m create_environment_scripts_only(px4_ros_com)
[16.418s] [34mcolcon.colcon_core.environment[0m [1;30mLevel 1[0m checking '/home/lohitoburrito/uav_app/install/px4_ros_com' for CMake module files
[16.419s] [34mcolcon.colcon_core.environment[0m [1;30mLevel 1[0m checking '/home/lohitoburrito/uav_app/install/px4_ros_com' for CMake config files
[16.419s] [34mcolcon.colcon_core.shell[0m [1;30mLevel 1[0m create_environment_hook('px4_ros_com', 'cmake_prefix_path')
[16.419s] [34mcolcon.colcon_core.shell[0m [1;30mINFO[0m Creating environment hook '/home/lohitoburrito/uav_app/install/px4_ros_com/share/px4_ros_com/hook/cmake_prefix_path.ps1'
[16.420s] [34mcolcon.colcon_core.shell[0m [1;30mINFO[0m Creating environment descriptor '/home/lohitoburrito/uav_app/install/px4_ros_com/share/px4_ros_com/hook/cmake_prefix_path.dsv'
[16.420s] [34mcolcon.colcon_core.shell[0m [1;30mINFO[0m Creating environment hook '/home/lohitoburrito/uav_app/install/px4_ros_com/share/px4_ros_com/hook/cmake_prefix_path.sh'
[16.420s] [34mcolcon.colcon_core.environment[0m [1;30mLevel 1[0m checking '/home/lohitoburrito/uav_app/install/px4_ros_com/lib'
[16.420s] [34mcolcon.colcon_core.shell[0m [1;30mLevel 1[0m create_environment_hook('px4_ros_com', 'ld_library_path_lib')
[16.420s] [34mcolcon.colcon_core.shell[0m [1;30mINFO[0m Creating environment hook '/home/lohitoburrito/uav_app/install/px4_ros_com/share/px4_ros_com/hook/ld_library_path_lib.ps1'
[16.421s] [34mcolcon.colcon_core.shell[0m [1;30mINFO[0m Creating environment descriptor '/home/lohitoburrito/uav_app/install/px4_ros_com/share/px4_ros_com/hook/ld_library_path_lib.dsv'
[16.421s] [34mcolcon.colcon_core.shell[0m [1;30mINFO[0m Creating environment hook '/home/lohitoburrito/uav_app/install/px4_ros_com/share/px4_ros_com/hook/ld_library_path_lib.sh'
[16.421s] [34mcolcon.colcon_core.environment[0m [1;30mLevel 1[0m checking '/home/lohitoburrito/uav_app/install/px4_ros_com/bin'
[16.421s] [34mcolcon.colcon_core.environment[0m [1;30mLevel 1[0m checking '/home/lohitoburrito/uav_app/install/px4_ros_com/lib/pkgconfig/px4_ros_com.pc'
[16.422s] [34mcolcon.colcon_core.environment[0m [1;30mLevel 1[0m checking '/home/lohitoburrito/uav_app/install/px4_ros_com/lib/python3.10/site-packages'
[16.422s] [34mcolcon.colcon_core.environment[0m [1;30mLevel 1[0m checking '/home/lohitoburrito/uav_app/install/px4_ros_com/bin'
[16.422s] [34mcolcon.colcon_core.shell[0m [1;30mINFO[0m Creating package script '/home/lohitoburrito/uav_app/install/px4_ros_com/share/px4_ros_com/package.ps1'
[16.422s] [34mcolcon.colcon_core.shell[0m [1;30mINFO[0m Creating package descriptor '/home/lohitoburrito/uav_app/install/px4_ros_com/share/px4_ros_com/package.dsv'
[16.423s] [34mcolcon.colcon_core.shell[0m [1;30mINFO[0m Creating package script '/home/lohitoburrito/uav_app/install/px4_ros_com/share/px4_ros_com/package.sh'
[16.423s] [34mcolcon.colcon_core.shell[0m [1;30mINFO[0m Creating package script '/home/lohitoburrito/uav_app/install/px4_ros_com/share/px4_ros_com/package.bash'
[16.423s] [34mcolcon.colcon_core.shell[0m [1;30mINFO[0m Creating package script '/home/lohitoburrito/uav_app/install/px4_ros_com/share/px4_ros_com/package.zsh'
[16.424s] [34mcolcon.colcon_core.environment[0m [1;30mLevel 1[0m create_file_with_runtime_dependencies(/home/lohitoburrito/uav_app/install/px4_ros_com/share/colcon-core/packages/px4_ros_com)
[16.424s] [34mcolcon.colcon_parallel_executor.executor.parallel[0m [1;30mDEBUG[0m [32mclosing loop[0m
[16.424s] [34mcolcon.colcon_parallel_executor.executor.parallel[0m [1;30mDEBUG[0m [32mloop closed[0m
[16.425s] [34mcolcon.colcon_parallel_executor.executor.parallel[0m [1;30mDEBUG[0m [32mrun_until_complete finished with '0'[0m
[16.425s] [34mcolcon.colcon_core.event_reactor[0m [1;30mDEBUG[0m [32mjoining thread[0m
[16.459s] [34mcolcon.colcon_core.plugin_system[0m [1;30mINFO[0m Skipping extension 'colcon_notification.desktop_notification.notify_send': Could not find 'notify-send'
[16.459s] [34mcolcon.colcon_core.plugin_system[0m [1;30mINFO[0m Skipping extension 'colcon_notification.desktop_notification.terminal_notifier': Not used on non-Darwin systems
[16.459s] [34mcolcon.colcon_core.plugin_system[0m [1;30mINFO[0m Skipping extension 'colcon_notification.desktop_notification.win32': Not used on non-Windows systems
[16.459s] [34mcolcon.colcon_notification.desktop_notification[0m [1;30mINFO[0m Sending desktop notification using 'notify2'
[16.459s] [34mcolcon.colcon_notification.desktop_notification.notify2[0m [1;30mDEBUG[0m [32mFailed to initialize notify2: org.freedesktop.DBus.Error.FileNotFound: Failed to connect to socket /run/user/1000/bus: No such file or directory[0m
[16.460s] [34mcolcon.colcon_core.event_reactor[0m [1;30mDEBUG[0m [32mjoined thread[0m
[16.460s] [34mcolcon.colcon_core.shell[0m [1;30mINFO[0m Creating prefix script '/home/lohitoburrito/uav_app/install/local_setup.ps1'
[16.461s] [34mcolcon.colcon_core.shell[0m [1;30mINFO[0m Creating prefix util module '/home/lohitoburrito/uav_app/install/_local_setup_util_ps1.py'
[16.462s] [34mcolcon.colcon_core.shell[0m [1;30mINFO[0m Creating prefix chain script '/home/lohitoburrito/uav_app/install/setup.ps1'
[16.463s] [34mcolcon.colcon_core.shell[0m [1;30mINFO[0m Creating prefix script '/home/lohitoburrito/uav_app/install/local_setup.sh'
[16.464s] [34mcolcon.colcon_core.shell[0m [1;30mINFO[0m Creating prefix util module '/home/lohitoburrito/uav_app/install/_local_setup_util_sh.py'
[16.464s] [34mcolcon.colcon_core.shell[0m [1;30mINFO[0m Creating prefix chain script '/home/lohitoburrito/uav_app/install/setup.sh'
[16.465s] [34mcolcon.colcon_core.shell[0m [1;30mINFO[0m Creating prefix script '/home/lohitoburrito/uav_app/install/local_setup.bash'
[16.466s] [34mcolcon.colcon_core.shell[0m [1;30mINFO[0m Creating prefix chain script '/home/lohitoburrito/uav_app/install/setup.bash'
[16.467s] [34mcolcon.colcon_core.shell[0m [1;30mINFO[0m Creating prefix script '/home/lohitoburrito/uav_app/install/local_setup.zsh'
[16.467s] [34mcolcon.colcon_core.shell[0m [1;30mINFO[0m Creating prefix chain script '/home/lohitoburrito/uav_app/install/setup.zsh'
